<?xml version="1.0" encoding="UTF-8"?>
<testng-results skipped="0" failed="0" ignored="0" total="1" passed="1">
  <reporter-output>
  </reporter-output>
  <suite name="Default suite" duration-ms="33" started-at="2018-12-11T04:52:44Z" finished-at="2018-12-11T04:52:44Z">
    <groups>
    </groups>
    <test name="Default test" duration-ms="33" started-at="2018-12-11T04:52:44Z" finished-at="2018-12-11T04:52:44Z">
      <class name="GmailAppTest.GmailLoginTest">
        <test-method status="PASS" signature="f()[pri:0, instance:GmailAppTest.GmailLoginTest@46daef40]" name="f" duration-ms="11" started-at="2018-12-11T04:52:44Z" finished-at="2018-12-11T04:52:44Z">
          <reporter-output>
          </reporter-output>
        </test-method> <!-- f -->
      </class> <!-- GmailAppTest.GmailLoginTest -->
    </test> <!-- Default test -->
  </suite> <!-- Default suite -->
</testng-results>
